<?xml version="1.0" encoding="UTF-8"?>
<!-- Generated by org.testng.reporters.JUnitXMLReporter -->
<testsuite hostname="EPUAKHAW0730" name="test1" tests="7" failures="1" timestamp="19 May 2015 17:49:17 GMT" time="0.277" errors="0">
  <testcase name="getFirstTest" time="0.007" classname="game.GameHandlerTest"/>
  <testcase name="getFirstTest" time="0.0" classname="game.GameHandlerTest"/>
  <testcase name="getFirstTest" time="0.0" classname="game.GameHandlerTest"/>
  <testcase name="getLastTest" time="0.005" classname="game.GameHandlerTest"/>
  <testcase name="getLastTest" time="0.001" classname="game.GameHandlerTest"/>
  <testcase name="getLastTest" time="0.0" classname="game.GameHandlerTest"/>
  <testcase name="testBD" time="0.23" classname="game.GameHandlerTest">
    <failure type="java.lang.NullPointerException">
      <![CDATA[java.lang.NullPointerException
	at game.GameHandler.findInArray(GameHandler.java:39)
	at game.GameHandlerTest.testBD(GameHandlerTest.java:87)
	at game.Runner.main(Runner.java:19)
... Removed 21 stack frames]]>
    </failure>
  </testcase> <!-- testBD -->
</testsuite> <!-- test1 -->
