<?xml version="1.0" encoding="UTF-8"?>
<!-- Generated by org.testng.reporters.JUnitXMLReporter -->
<testsuite hostname="EPUAKHAW0730" name="Command line test" tests="15" failures="1" timestamp="19 May 2015 17:26:41 GMT" time="0.461" errors="0">
  <testcase name="getFirstTest" time="0.018" classname="game.GameHandlerTest"/>
  <testcase name="getFirstTest" time="0.0" classname="game.GameHandlerTest"/>
  <testcase name="getFirstTest" time="0.0" classname="game.GameHandlerTest"/>
  <testcase name="getLastTest" time="0.043" classname="game.GameHandlerTest"/>
  <testcase name="getLastTest" time="0.001" classname="game.GameHandlerTest"/>
  <testcase name="getLastTest" time="0.0" classname="game.GameHandlerTest"/>
  <testcase name="testBD" time="0.33" classname="game.GameHandlerTest">
    <failure type="java.lang.NullPointerException">
      <![CDATA[java.lang.NullPointerException
	at game.GameHandlerTest.testBD(GameHandlerTest.java:89)
... Removed 34 stack frames]]>
    </failure>
  </testcase> <!-- testBD -->
  <testcase name="f" time="0.0" classname="game.GameTest"/>
  <testcase name="f" time="0.001" classname="game.GameTest"/>
  <testcase name="f" time="0.0" classname="player.NewTest"/>
  <testcase name="f" time="0.0" classname="player.NewTest"/>
  <testcase name="test" time="0.0" classname="player.NewTest"/>
  <testcase name="f" time="0.0" classname="cities.parsers.ParserTest"/>
  <testcase name="f" time="0.0" classname="cities.parsers.ParserTest"/>
  <testcase name="parserTest" time="0.0" classname="cities.parsers.ParserTest"/>
</testsuite> <!-- Command line test -->
