<?xml version="1.0" encoding="UTF-8" ?>
<testsuite failures="1" time="2.055" errors="0" skipped="0" tests="15" name="TestSuite">
  <properties>
[...]
</properties>
  <testcase time="0.001" classname="game.GameHandlerTest" name="getFirstTest"/>
  <testcase time="0" classname="game.GameHandlerTest" name="getFirstTest"/>
  <testcase time="0" classname="game.GameHandlerTest" name="getFirstTest"/>
  <testcase time="0.042" classname="game.GameHandlerTest" name="getLastTest"/>
  <testcase time="0.001" classname="game.GameHandlerTest" name="getLastTest"/>
  <testcase time="0" classname="game.GameHandlerTest" name="getLastTest"/>
  <testcase time="0.334" classname="game.GameHandlerTest" name="testBD">
    <failure type="java.lang.NullPointerException">java.lang.NullPointerException
	at game.GameHandlerTest.testBD(GameHandlerTest.java:89)
</failure>
    <system-out>ffff
</system-out>
  </testcase>
  <testcase time="0" classname="game.GameTest" name="f"/>
  <testcase time="0" classname="game.GameTest" name="f"/>
  <testcase time="0" classname="player.NewTest" name="f"/>
  <testcase time="0" classname="player.NewTest" name="f"/>
  <testcase time="0" classname="player.NewTest" name="test"/>
  <testcase time="0.001" classname="cities.parsers.ParserTest" name="f"/>
  <testcase time="0" classname="cities.parsers.ParserTest" name="f"/>
  <testcase time="0" classname="cities.parsers.ParserTest" name="parserTest"/>
</testsuite>