<?xml version="1.0" encoding="UTF-8"?>
<testng-results skipped="0" failed="0" total="3" passed="3">
  <reporter-output>
  </reporter-output>
  <suite name="Default suite" duration-ms="143" started-at="2015-05-21T14:58:06Z" finished-at="2015-05-21T14:58:06Z">
    <groups>
    </groups>
    <test name="Default test" duration-ms="143" started-at="2015-05-21T14:58:06Z" finished-at="2015-05-21T14:58:06Z">
      <class name="game.GameTest">
        <test-method status="PASS" signature="beforeTest()[pri:0, instance:game.GameTest@31e956bd]" name="beforeTest" is-config="true" duration-ms="18" started-at="2015-05-21T17:58:06Z" finished-at="2015-05-21T17:58:06Z">
          <reporter-output>
          </reporter-output>
        </test-method> <!-- beforeTest -->
        <test-method status="PASS" signature="beforeClass()[pri:0, instance:game.GameTest@31e956bd]" name="beforeClass" is-config="true" duration-ms="1" started-at="2015-05-21T17:58:06Z" finished-at="2015-05-21T17:58:06Z">
          <reporter-output>
          </reporter-output>
        </test-method> <!-- beforeClass -->
        <test-method status="PASS" signature="f(java.lang.Integer, java.lang.String)[pri:0, instance:game.GameTest@31e956bd]" name="f" duration-ms="53" started-at="2015-05-21T17:58:06Z" data-provider="dp" finished-at="2015-05-21T17:58:06Z">
          <params>
            <param index="0">
              <value>
                <![CDATA[1]]>
              </value>
            </param>
            <param index="1">
              <value>
                <![CDATA[a]]>
              </value>
            </param>
          </params>
          <reporter-output>
          </reporter-output>
        </test-method> <!-- f -->
        <test-method status="PASS" signature="f(java.lang.Integer, java.lang.String)[pri:0, instance:game.GameTest@31e956bd]" name="f" duration-ms="1" started-at="2015-05-21T17:58:06Z" data-provider="dp" finished-at="2015-05-21T17:58:06Z">
          <params>
            <param index="0">
              <value>
                <![CDATA[2]]>
              </value>
            </param>
            <param index="1">
              <value>
                <![CDATA[b]]>
              </value>
            </param>
          </params>
          <reporter-output>
          </reporter-output>
        </test-method> <!-- f -->
        <test-method status="PASS" signature="test()[pri:0, instance:game.GameTest@31e956bd]" name="test" duration-ms="0" started-at="2015-05-21T17:58:06Z" finished-at="2015-05-21T17:58:06Z">
          <reporter-output>
          </reporter-output>
        </test-method> <!-- test -->
        <test-method status="PASS" signature="afterClass()[pri:0, instance:game.GameTest@31e956bd]" name="afterClass" is-config="true" duration-ms="1" started-at="2015-05-21T17:58:06Z" finished-at="2015-05-21T17:58:06Z">
          <reporter-output>
          </reporter-output>
        </test-method> <!-- afterClass -->
        <test-method status="PASS" signature="afterTest()[pri:0, instance:game.GameTest@31e956bd]" name="afterTest" is-config="true" duration-ms="1" started-at="2015-05-21T17:58:06Z" finished-at="2015-05-21T17:58:06Z">
          <reporter-output>
          </reporter-output>
        </test-method> <!-- afterTest -->
      </class> <!-- game.GameTest -->
    </test> <!-- Default test -->
  </suite> <!-- Default suite -->
</testng-results>
